<?xml version="1.0" encoding="UTF-8"?>
<testsuite xmlns:xsi="http://www.w3.org/2001/XMLSchema-instance" xsi:noNamespaceSchemaLocation="https://maven.apache.org/surefire/maven-surefire-plugin/xsd/surefire-test-report.xsd" name="i verify mobiles are sorted according to the names" time="78.672" tests="1" errors="1" skipped="0" failures="0">
  <properties>
[...]
</properties>
  <testcase name="i verify mobile r sorted according to the names" classname="i verify mobiles are sorted according to the names" time="78.672">
    <error message="chrome not reachable&#10;  (Session info: chrome=80.0.3987.162)&#10;Build info: version: &apos;3.141.59&apos;, revision: &apos;e82be7d358&apos;, time: &apos;2018-11-14T08:17:03&apos;&#10;System info: host: &apos;FAIZUR&apos;, ip: &apos;192.168.43.103&apos;, os.name: &apos;Windows 10&apos;, os.arch: &apos;amd64&apos;, os.version: &apos;10.0&apos;, java.version: &apos;1.8.0_231&apos;&#10;Driver info: org.openqa.selenium.chrome.ChromeDriver&#10;Capabilities {acceptInsecureCerts: false, browserName: chrome, browserVersion: 80.0.3987.162, chrome: {chromedriverVersion: 80.0.3987.106 (f68069574609..., userDataDir: C:\Users\faizur\AppData\Loc...}, goog:chromeOptions: {debuggerAddress: localhost:51173}, javascriptEnabled: true, networkConnectionEnabled: false, pageLoadStrategy: normal, platform: WINDOWS, platformName: WINDOWS, proxy: Proxy(), setWindowRect: true, strictFileInteractability: false, timeouts: {implicit: 0, pageLoad: 300000, script: 30000}, unhandledPromptBehavior: dismiss and notify}&#10;Session ID: 0a55f2ca3c65f2d41ddf072db1f7fd7c&#10;*** Element info: {Using=xpath, value=//h2[contains(text(),&apos;This is demo site for&apos;)]}" type="org.openqa.selenium.WebDriverException">org.openqa.selenium.WebDriverException: 
chrome not reachable
  (Session info: chrome=80.0.3987.162)
Build info: version: '3.141.59', revision: 'e82be7d358', time: '2018-11-14T08:17:03'
System info: host: 'FAIZUR', ip: '192.168.43.103', os.name: 'Windows 10', os.arch: 'amd64', os.version: '10.0', java.version: '1.8.0_231'
Driver info: org.openqa.selenium.chrome.ChromeDriver
Capabilities {acceptInsecureCerts: false, browserName: chrome, browserVersion: 80.0.3987.162, chrome: {chromedriverVersion: 80.0.3987.106 (f68069574609..., userDataDir: C:\Users\faizur\AppData\Loc...}, goog:chromeOptions: {debuggerAddress: localhost:51173}, javascriptEnabled: true, networkConnectionEnabled: false, pageLoadStrategy: normal, platform: WINDOWS, platformName: WINDOWS, proxy: Proxy(), setWindowRect: true, strictFileInteractability: false, timeouts: {implicit: 0, pageLoad: 300000, script: 30000}, unhandledPromptBehavior: dismiss and notify}
Session ID: 0a55f2ca3c65f2d41ddf072db1f7fd7c
*** Element info: {Using=xpath, value=//h2[contains(text(),'This is demo site for')]}
</error>
    <system-out><![CDATA[.F----]]></system-out>
    <system-err><![CDATA[SLF4J: Failed to load class "org.slf4j.impl.StaticLoggerBinder".
SLF4J: Defaulting to no-operation (NOP) logger implementation
SLF4J: See http://www.slf4j.org/codes.html#StaticLoggerBinder for further details.
Starting ChromeDriver 80.0.3987.106 (f68069574609230cf9b635cd784cfb1bf81bb53a-refs/branch-heads/3987@{#882}) on port 21485
Only local connections are allowed.
Please protect ports used by ChromeDriver and related test frameworks to prevent access by malicious code.
[1586080709.069][WARNING]: Timed out connecting to Chrome, retrying...
Apr 05, 2020 3:28:31 PM org.openqa.selenium.remote.ProtocolHandshake createSession
INFO: Detected dialect: W3C
[1586080713.467][SEVERE]: Timed out receiving message from renderer: 0.100
[1586080713.569][SEVERE]: Timed out receiving message from renderer: 0.100
[1586080713.679][SEVERE]: Timed out receiving message from renderer: 0.100
[1586080713.791][SEVERE]: Timed out receiving message from renderer: 0.100
[1586080713.893][SEVERE]: Timed out receiving message from renderer: 0.100
[1586080713.995][SEVERE]: Timed out receiving message from renderer: 0.100
[1586080714.099][SEVERE]: Timed out receiving message from renderer: 0.100
[1586080714.203][SEVERE]: Timed out receiving message from renderer: 0.100
[1586080714.307][SEVERE]: Timed out receiving message from renderer: 0.100
[1586080714.409][SEVERE]: Timed out receiving message from renderer: 0.100
[1586080714.511][SEVERE]: Timed out receiving message from renderer: 0.100
[1586080714.625][SEVERE]: Timed out receiving message from renderer: 0.100
[1586080714.735][SEVERE]: Timed out receiving message from renderer: 0.100
[1586080714.839][SEVERE]: Timed out receiving message from renderer: 0.100
[1586080714.945][SEVERE]: Timed out receiving message from renderer: 0.100
[1586080715.059][SEVERE]: Timed out receiving message from renderer: 0.100
[1586080715.160][SEVERE]: Timed out receiving message from renderer: 0.100
[1586080715.284][SEVERE]: Timed out receiving message from renderer: 0.100
[1586080715.391][SEVERE]: Timed out receiving message from renderer: 0.100
[1586080715.501][SEVERE]: Timed out receiving message from renderer: 0.100
[1586080715.609][SEVERE]: Timed out receiving message from renderer: 0.100
[1586080715.718][SEVERE]: Timed out receiving message from renderer: 0.100
[1586080715.822][SEVERE]: Timed out receiving message from renderer: 0.100
[1586080715.925][SEVERE]: Timed out receiving message from renderer: 0.100
[1586080716.035][SEVERE]: Timed out receiving message from renderer: 0.100
[1586080716.142][SEVERE]: Timed out receiving message from renderer: 0.100
[1586080716.254][SEVERE]: Timed out receiving message from renderer: 0.100
[1586080716.357][SEVERE]: Timed out receiving message from renderer: 0.100
[1586080716.459][SEVERE]: Timed out receiving message from renderer: 0.100
[1586080716.583][SEVERE]: Timed out receiving message from renderer: 0.100
[1586080716.770][SEVERE]: Timed out receiving message from renderer: 0.100
[1586080716.874][SEVERE]: Timed out receiving message from renderer: 0.100
[1586080716.984][SEVERE]: Timed out receiving message from renderer: 0.100
[1586080717.086][SEVERE]: Timed out receiving message from renderer: 0.100
[1586080717.188][SEVERE]: Timed out receiving message from renderer: 0.100
[1586080717.291][SEVERE]: Timed out receiving message from renderer: 0.100
[1586080717.393][SEVERE]: Timed out receiving message from renderer: 0.100
[1586080717.502][SEVERE]: Timed out receiving message from renderer: 0.100
[1586080717.607][SEVERE]: Timed out receiving message from renderer: 0.100
[1586080717.720][SEVERE]: Timed out receiving message from renderer: 0.100
[1586080717.823][SEVERE]: Timed out receiving message from renderer: 0.100
[1586080717.956][SEVERE]: Timed out receiving message from renderer: 0.100
[1586080718.110][SEVERE]: Timed out receiving message from renderer: 0.100
[1586080718.226][SEVERE]: Timed out receiving message from renderer: 0.100
[1586080718.342][SEVERE]: Timed out receiving message from renderer: 0.100
[1586080718.585][SEVERE]: Timed out receiving message from renderer: 0.100
[1586080718.725][SEVERE]: Timed out receiving message from renderer: 0.100
[1586080718.876][SEVERE]: Timed out receiving message from renderer: 0.100
[1586080718.994][SEVERE]: Timed out receiving message from renderer: 0.100
[1586080719.108][SEVERE]: Timed out receiving message from renderer: 0.100
[1586080719.211][SEVERE]: Timed out receiving message from renderer: 0.100
[1586080719.322][SEVERE]: Timed out receiving message from renderer: 0.100
[1586080719.432][SEVERE]: Timed out receiving message from renderer: 0.100
[1586080719.540][SEVERE]: Timed out receiving message from renderer: 0.100
[1586080719.642][SEVERE]: Timed out receiving message from renderer: 0.100
[1586080719.745][SEVERE]: Timed out receiving message from renderer: 0.100
[1586080719.854][SEVERE]: Timed out receiving message from renderer: 0.100
[1586080719.958][SEVERE]: Timed out receiving message from renderer: 0.100
[1586080720.061][SEVERE]: Timed out receiving message from renderer: 0.100
[1586080720.177][SEVERE]: Timed out receiving message from renderer: 0.100
[1586080720.285][SEVERE]: Timed out receiving message from renderer: 0.100
[1586080720.388][SEVERE]: Timed out receiving message from renderer: 0.100
[1586080720.498][SEVERE]: Timed out receiving message from renderer: 0.100
[1586080720.601][SEVERE]: Timed out receiving message from renderer: 0.100
[1586080720.704][SEVERE]: Timed out receiving message from renderer: 0.100
[1586080720.806][SEVERE]: Timed out receiving message from renderer: 0.100
[1586080720.918][SEVERE]: Timed out receiving message from renderer: 0.100
[1586080721.022][SEVERE]: Timed out receiving message from renderer: 0.100
[1586080721.124][SEVERE]: Timed out receiving message from renderer: 0.100
[1586080721.226][SEVERE]: Timed out receiving message from renderer: 0.100
[1586080721.330][SEVERE]: Timed out receiving message from renderer: 0.100
[1586080721.434][SEVERE]: Timed out receiving message from renderer: 0.100
[1586080721.536][SEVERE]: Timed out receiving message from renderer: 0.100
[1586080721.641][SEVERE]: Timed out receiving message from renderer: 0.100
[1586080721.743][SEVERE]: Timed out receiving message from renderer: 0.100
[1586080721.854][SEVERE]: Timed out receiving message from renderer: 0.100
[1586080721.967][SEVERE]: Timed out receiving message from renderer: 0.100
[1586080722.074][SEVERE]: Timed out receiving message from renderer: 0.100
[1586080722.177][SEVERE]: Timed out receiving message from renderer: 0.100
[1586080722.283][SEVERE]: Timed out receiving message from renderer: 0.100
[1586080722.389][SEVERE]: Timed out receiving message from renderer: 0.100
[1586080722.491][SEVERE]: Timed out receiving message from renderer: 0.100
[1586080722.593][SEVERE]: Timed out receiving message from renderer: 0.100
[1586080722.697][SEVERE]: Timed out receiving message from renderer: 0.100
[1586080722.799][SEVERE]: Timed out receiving message from renderer: 0.100
[1586080722.903][SEVERE]: Timed out receiving message from renderer: 0.100
[1586080723.005][SEVERE]: Timed out receiving message from renderer: 0.100
[1586080723.108][SEVERE]: Timed out receiving message from renderer: 0.100
[1586080723.210][SEVERE]: Timed out receiving message from renderer: 0.100
[1586080723.316][SEVERE]: Timed out receiving message from renderer: 0.100
[1586080723.419][SEVERE]: Timed out receiving message from renderer: 0.100
[1586080723.525][SEVERE]: Timed out receiving message from renderer: 0.100
[1586080723.632][SEVERE]: Timed out receiving message from renderer: 0.100
[1586080723.738][SEVERE]: Timed out receiving message from renderer: 0.100
[1586080723.849][SEVERE]: Timed out receiving message from renderer: 0.100
[1586080723.954][SEVERE]: Timed out receiving message from renderer: 0.100
[1586080724.055][SEVERE]: Timed out receiving message from renderer: 0.100
[1586080724.157][SEVERE]: Timed out receiving message from renderer: 0.100
[1586080724.259][SEVERE]: Timed out receiving message from renderer: 0.100
[1586080724.366][SEVERE]: Timed out receiving message from renderer: 0.100
[1586080724.468][SEVERE]: Timed out receiving message from renderer: 0.100
[1586080724.570][SEVERE]: Timed out receiving message from renderer: 0.100
[1586080724.672][SEVERE]: Timed out receiving message from renderer: 0.100
[1586080724.774][SEVERE]: Timed out receiving message from renderer: 0.100
[1586080724.883][SEVERE]: Timed out receiving message from renderer: 0.100
[1586080724.998][SEVERE]: Timed out receiving message from renderer: 0.100
[1586080725.121][SEVERE]: Timed out receiving message from renderer: 0.100
[1586080725.232][SEVERE]: Timed out receiving message from renderer: 0.100
[1586080725.348][SEVERE]: Timed out receiving message from renderer: 0.100
[1586080725.449][SEVERE]: Timed out receiving message from renderer: 0.100
[1586080725.552][SEVERE]: Timed out receiving message from renderer: 0.100
[1586080725.654][SEVERE]: Timed out receiving message from renderer: 0.100
[1586080725.756][SEVERE]: Timed out receiving message from renderer: 0.100
[1586080725.859][SEVERE]: Timed out receiving message from renderer: 0.100
[1586080725.989][SEVERE]: Timed out receiving message from renderer: 0.100
[1586080726.098][SEVERE]: Timed out receiving message from renderer: 0.100
[1586080726.210][SEVERE]: Timed out receiving message from renderer: 0.100
[1586080726.322][SEVERE]: Timed out receiving message from renderer: 0.100
[1586080726.439][SEVERE]: Timed out receiving message from renderer: 0.100
[1586080726.564][SEVERE]: Timed out receiving message from renderer: 0.100
[1586080726.668][SEVERE]: Timed out receiving message from renderer: 0.100
[1586080726.773][SEVERE]: Timed out receiving message from renderer: 0.100
[1586080726.889][SEVERE]: Timed out receiving message from renderer: 0.100
[1586080727.030][SEVERE]: Timed out receiving message from renderer: 0.100
[1586080727.132][SEVERE]: Timed out receiving message from renderer: 0.100
[1586080727.251][SEVERE]: Timed out receiving message from renderer: 0.100
[1586080727.371][SEVERE]: Timed out receiving message from renderer: 0.100
[1586080727.486][SEVERE]: Timed out receiving message from renderer: 0.100
[1586080727.587][SEVERE]: Timed out receiving message from renderer: 0.100
[1586080727.689][SEVERE]: Timed out receiving message from renderer: 0.100
[1586080727.800][SEVERE]: Timed out receiving message from renderer: 0.100
[1586080727.905][SEVERE]: Timed out receiving message from renderer: 0.100
[1586080728.018][SEVERE]: Timed out receiving message from renderer: 0.100
[1586080728.133][SEVERE]: Timed out receiving message from renderer: 0.100
[1586080728.251][SEVERE]: Timed out receiving message from renderer: 0.100
[1586080728.371][SEVERE]: Timed out receiving message from renderer: 0.100
[1586080728.502][SEVERE]: Timed out receiving message from renderer: 0.100
[1586080728.609][SEVERE]: Timed out receiving message from renderer: 0.100
[1586080728.723][SEVERE]: Timed out receiving message from renderer: 0.100
[1586080728.843][SEVERE]: Timed out receiving message from renderer: 0.100
[1586080728.968][SEVERE]: Timed out receiving message from renderer: 0.100
[1586080729.104][SEVERE]: Timed out receiving message from renderer: 0.100
[1586080729.222][SEVERE]: Timed out receiving message from renderer: 0.100
[1586080729.336][SEVERE]: Timed out receiving message from renderer: 0.100
[1586080729.439][SEVERE]: Timed out receiving message from renderer: 0.100
[1586080729.596][SEVERE]: Timed out receiving message from renderer: 0.100
[1586080729.716][SEVERE]: Timed out receiving message from renderer: 0.100
[1586080729.830][SEVERE]: Timed out receiving message from renderer: 0.100
[1586080729.932][SEVERE]: Timed out receiving message from renderer: 0.100
[1586080730.040][SEVERE]: Timed out receiving message from renderer: 0.100
[1586080730.147][SEVERE]: Timed out receiving message from renderer: 0.100
[1586080730.250][SEVERE]: Timed out receiving message from renderer: 0.100
[1586080730.354][SEVERE]: Timed out receiving message from renderer: 0.100
[1586080730.483][SEVERE]: Timed out receiving message from renderer: 0.100
[1586080730.639][SEVERE]: Timed out receiving message from renderer: 0.100
[1586080730.775][SEVERE]: Timed out receiving message from renderer: 0.100
[1586080730.884][SEVERE]: Timed out receiving message from renderer: 0.100
[1586080731.017][SEVERE]: Timed out receiving message from renderer: 0.100
[1586080731.185][SEVERE]: Timed out receiving message from renderer: 0.100
[1586080731.298][SEVERE]: Timed out receiving message from renderer: 0.100
[1586080731.400][SEVERE]: Timed out receiving message from renderer: 0.100
[1586080731.513][SEVERE]: Timed out receiving message from renderer: 0.100
[1586080731.622][SEVERE]: Timed out receiving message from renderer: 0.100
[1586080731.790][SEVERE]: Timed out receiving message from renderer: 0.100
[1586080731.937][SEVERE]: Timed out receiving message from renderer: 0.100
[1586080732.075][SEVERE]: Timed out receiving message from renderer: 0.100
[1586080732.190][SEVERE]: Timed out receiving message from renderer: 0.100
[1586080732.297][SEVERE]: Timed out receiving message from renderer: 0.100
[1586080732.406][SEVERE]: Timed out receiving message from renderer: 0.100
[1586080732.546][SEVERE]: Timed out receiving message from renderer: 0.100
[1586080732.656][SEVERE]: Timed out receiving message from renderer: 0.100
[1586080732.762][SEVERE]: Timed out receiving message from renderer: 0.100
[1586080732.869][SEVERE]: Timed out receiving message from renderer: 0.100
[1586080732.981][SEVERE]: Timed out receiving message from renderer: 0.100
[1586080733.100][SEVERE]: Timed out receiving message from renderer: 0.100
[1586080733.203][SEVERE]: Timed out receiving message from renderer: 0.100
[1586080733.311][SEVERE]: Timed out receiving message from renderer: 0.100
[1586080733.423][SEVERE]: Timed out receiving message from renderer: 0.100
[1586080733.548][SEVERE]: Timed out receiving message from renderer: 0.100
[1586080733.672][SEVERE]: Timed out receiving message from renderer: 0.100
[1586080733.796][SEVERE]: Timed out receiving message from renderer: 0.100
[1586080733.901][SEVERE]: Timed out receiving message from renderer: 0.100
[1586080734.005][SEVERE]: Timed out receiving message from renderer: 0.100
[1586080734.124][SEVERE]: Timed out receiving message from renderer: 0.100
[1586080734.266][SEVERE]: Timed out receiving message from renderer: 0.100
[1586080734.387][SEVERE]: Timed out receiving message from renderer: 0.100
[1586080734.512][SEVERE]: Timed out receiving message from renderer: 0.100
[1586080734.633][SEVERE]: Timed out receiving message from renderer: 0.100
[1586080734.763][SEVERE]: Timed out receiving message from renderer: 0.100
[1586080734.866][SEVERE]: Timed out receiving message from renderer: 0.100
[1586080734.986][SEVERE]: Timed out receiving message from renderer: 0.100
[1586080735.088][SEVERE]: Timed out receiving message from renderer: 0.100
[1586080735.192][SEVERE]: Timed out receiving message from renderer: 0.100
[1586080735.306][SEVERE]: Timed out receiving message from renderer: 0.100
[1586080735.424][SEVERE]: Timed out receiving message from renderer: 0.100
[1586080735.532][SEVERE]: Timed out receiving message from renderer: 0.100
[1586080735.639][SEVERE]: Timed out receiving message from renderer: 0.100
[1586080735.754][SEVERE]: Timed out receiving message from renderer: 0.100
[1586080735.860][SEVERE]: Timed out receiving message from renderer: 0.100
[1586080735.966][SEVERE]: Timed out receiving message from renderer: 0.100
[1586080736.096][SEVERE]: Timed out receiving message from renderer: 0.100
[1586080736.218][SEVERE]: Timed out receiving message from renderer: 0.100
[1586080736.323][SEVERE]: Timed out receiving message from renderer: 0.100
[1586080736.432][SEVERE]: Timed out receiving message from renderer: 0.100
[1586080736.561][SEVERE]: Timed out receiving message from renderer: 0.100
[1586080736.668][SEVERE]: Timed out receiving message from renderer: 0.100
[1586080736.783][SEVERE]: Timed out receiving message from renderer: 0.100
[1586080736.902][SEVERE]: Timed out receiving message from renderer: 0.100
[1586080737.018][SEVERE]: Timed out receiving message from renderer: 0.100
[1586080737.122][SEVERE]: Timed out receiving message from renderer: 0.100
[1586080737.272][SEVERE]: Timed out receiving message from renderer: 0.100
[1586080737.422][SEVERE]: Timed out receiving message from renderer: 0.100
[1586080737.532][SEVERE]: Timed out receiving message from renderer: 0.100
[1586080737.635][SEVERE]: Timed out receiving message from renderer: 0.100
[1586080737.740][SEVERE]: Timed out receiving message from renderer: 0.100
[1586080737.860][SEVERE]: Timed out receiving message from renderer: 0.100
[1586080737.970][SEVERE]: Timed out receiving message from renderer: 0.100
[1586080738.085][SEVERE]: Timed out receiving message from renderer: 0.100
[1586080738.189][SEVERE]: Timed out receiving message from renderer: 0.100
[1586080738.291][SEVERE]: Timed out receiving message from renderer: 0.100
[1586080738.507][SEVERE]: Timed out receiving message from renderer: 0.100
[1586080738.624][SEVERE]: Timed out receiving message from renderer: 0.100
[1586080738.745][SEVERE]: Timed out receiving message from renderer: 0.100
[1586080738.849][SEVERE]: Timed out receiving message from renderer: 0.100
[1586080738.955][SEVERE]: Timed out receiving message from renderer: 0.100
[1586080739.080][SEVERE]: Timed out receiving message from renderer: 0.100
[1586080739.202][SEVERE]: Timed out receiving message from renderer: 0.100
[1586080739.304][SEVERE]: Timed out receiving message from renderer: 0.100
[1586080739.406][SEVERE]: Timed out receiving message from renderer: 0.100
[1586080739.508][SEVERE]: Timed out receiving message from renderer: 0.100
[1586080739.611][SEVERE]: Timed out receiving message from renderer: 0.100
[1586080739.712][SEVERE]: Timed out receiving message from renderer: 0.100
[1586080739.813][SEVERE]: Timed out receiving message from renderer: 0.100
[1586080739.914][SEVERE]: Timed out receiving message from renderer: 0.100
[1586080740.017][SEVERE]: Timed out receiving message from renderer: 0.100
[1586080740.121][SEVERE]: Timed out receiving message from renderer: 0.100
[1586080740.222][SEVERE]: Timed out receiving message from renderer: 0.100
[1586080740.328][SEVERE]: Timed out receiving message from renderer: 0.100
[1586080740.432][SEVERE]: Timed out receiving message from renderer: 0.100
[1586080740.536][SEVERE]: Timed out receiving message from renderer: 0.100
[1586080740.640][SEVERE]: Timed out receiving message from renderer: 0.100
[1586080740.746][SEVERE]: Timed out receiving message from renderer: 0.100
[1586080740.848][SEVERE]: Timed out receiving message from renderer: 0.100
[1586080740.949][SEVERE]: Timed out receiving message from renderer: 0.100
[1586080741.051][SEVERE]: Timed out receiving message from renderer: 0.100
[1586080741.151][SEVERE]: Timed out receiving message from renderer: 0.100
[1586080741.253][SEVERE]: Timed out receiving message from renderer: 0.100
[1586080741.354][SEVERE]: Timed out receiving message from renderer: 0.100
[1586080741.462][SEVERE]: Timed out receiving message from renderer: 0.100
[1586080741.568][SEVERE]: Timed out receiving message from renderer: 0.100
[1586080741.671][SEVERE]: Timed out receiving message from renderer: 0.100
[1586080741.773][SEVERE]: Timed out receiving message from renderer: 0.100
[1586080741.886][SEVERE]: Timed out receiving message from renderer: 0.100
[1586080741.990][SEVERE]: Timed out receiving message from renderer: 0.100
[1586080742.104][SEVERE]: Timed out receiving message from renderer: 0.100
[1586080742.207][SEVERE]: Timed out receiving message from renderer: 0.100
[1586080742.314][SEVERE]: Timed out receiving message from renderer: 0.100
[1586080742.418][SEVERE]: Timed out receiving message from renderer: 0.100
[1586080742.522][SEVERE]: Timed out receiving message from renderer: 0.100
[1586080742.666][SEVERE]: Timed out receiving message from renderer: 0.100
[1586080742.771][SEVERE]: Timed out receiving message from renderer: 0.100
[1586080742.890][SEVERE]: Timed out receiving message from renderer: 0.100
[1586080742.996][SEVERE]: Timed out receiving message from renderer: 0.100
[1586080743.098][SEVERE]: Timed out receiving message from renderer: 0.100
[1586080743.202][SEVERE]: Timed out receiving message from renderer: 0.100
[1586080743.314][SEVERE]: Timed out receiving message from renderer: 0.100
[1586080743.432][SEVERE]: Timed out receiving message from renderer: 0.100
[1586080743.545][SEVERE]: Timed out receiving message from renderer: 0.100
[1586080743.653][SEVERE]: Timed out receiving message from renderer: 0.100
[1586080743.762][SEVERE]: Timed out receiving message from renderer: 0.100
[1586080743.864][SEVERE]: Timed out receiving message from renderer: 0.100
[1586080743.968][SEVERE]: Timed out receiving message from renderer: 0.100
[1586080744.072][SEVERE]: Timed out receiving message from renderer: 0.100
[1586080744.180][SEVERE]: Timed out receiving message from renderer: 0.100
[1586080744.284][SEVERE]: Timed out receiving message from renderer: 0.100
[1586080744.388][SEVERE]: Timed out receiving message from renderer: 0.100
[1586080744.500][SEVERE]: Timed out receiving message from renderer: 0.100
[1586080744.619][SEVERE]: Timed out receiving message from renderer: 0.100
[1586080744.731][SEVERE]: Timed out receiving message from renderer: 0.100
[1586080744.838][SEVERE]: Timed out receiving message from renderer: 0.100
[1586080744.952][SEVERE]: Timed out receiving message from renderer: 0.100
[1586080745.069][SEVERE]: Timed out receiving message from renderer: 0.100
[1586080745.181][SEVERE]: Timed out receiving message from renderer: 0.100
[1586080745.285][SEVERE]: Timed out receiving message from renderer: 0.100
[1586080745.389][SEVERE]: Timed out receiving message from renderer: 0.100
[1586080745.499][SEVERE]: Timed out receiving message from renderer: 0.100
[1586080745.601][SEVERE]: Timed out receiving message from renderer: 0.100
[1586080745.704][SEVERE]: Timed out receiving message from renderer: 0.100
[1586080745.810][SEVERE]: Timed out receiving message from renderer: 0.100
[1586080745.915][SEVERE]: Timed out receiving message from renderer: 0.100
[1586080746.021][SEVERE]: Timed out receiving message from renderer: 0.100
[1586080746.131][SEVERE]: Timed out receiving message from renderer: 0.100
[1586080746.237][SEVERE]: Timed out receiving message from renderer: 0.100
[1586080746.347][SEVERE]: Timed out receiving message from renderer: 0.100
[1586080746.455][SEVERE]: Timed out receiving message from renderer: 0.100
[1586080746.613][SEVERE]: Timed out receiving message from renderer: 0.100
[1586080746.736][SEVERE]: Timed out receiving message from renderer: 0.100
[1586080746.846][SEVERE]: Timed out receiving message from renderer: 0.100
[1586080746.950][SEVERE]: Timed out receiving message from renderer: 0.100
[1586080747.052][SEVERE]: Timed out receiving message from renderer: 0.100
[1586080747.154][SEVERE]: Timed out receiving message from renderer: 0.100
[1586080747.264][SEVERE]: Timed out receiving message from renderer: 0.100
[1586080747.368][SEVERE]: Timed out receiving message from renderer: 0.100
[1586080747.493][SEVERE]: Timed out receiving message from renderer: 0.100
[1586080747.597][SEVERE]: Timed out receiving message from renderer: 0.100
[1586080747.701][SEVERE]: Timed out receiving message from renderer: 0.100
[1586080747.804][SEVERE]: Timed out receiving message from renderer: 0.100
[1586080747.909][SEVERE]: Timed out receiving message from renderer: 0.100
[1586080748.015][SEVERE]: Timed out receiving message from renderer: 0.100
[1586080748.120][SEVERE]: Timed out receiving message from renderer: 0.100
[1586080748.235][SEVERE]: Timed out receiving message from renderer: 0.100
[1586080748.351][SEVERE]: Timed out receiving message from renderer: 0.100
[1586080748.464][SEVERE]: Timed out receiving message from renderer: 0.100
[1586080748.570][SEVERE]: Timed out receiving message from renderer: 0.100
[1586080748.813][SEVERE]: Timed out receiving message from renderer: 0.100
[1586080748.933][SEVERE]: Timed out receiving message from renderer: 0.100
[1586080749.039][SEVERE]: Timed out receiving message from renderer: 0.100
[1586080749.147][SEVERE]: Timed out receiving message from renderer: 0.100
[1586080749.250][SEVERE]: Timed out receiving message from renderer: 0.100
[1586080749.352][SEVERE]: Timed out receiving message from renderer: 0.100
[1586080749.471][SEVERE]: Timed out receiving message from renderer: 0.100
[1586080749.587][SEVERE]: Timed out receiving message from renderer: 0.100
[1586080749.713][SEVERE]: Timed out receiving message from renderer: 0.100
[1586080749.828][SEVERE]: Timed out receiving message from renderer: 0.100
[1586080749.934][SEVERE]: Timed out receiving message from renderer: 0.100
[1586080750.103][SEVERE]: Timed out receiving message from renderer: 0.100
[1586080750.250][SEVERE]: Timed out receiving message from renderer: 0.100
[1586080750.362][SEVERE]: Timed out receiving message from renderer: 0.100
[1586080750.466][SEVERE]: Timed out receiving message from renderer: 0.100
[1586080750.571][SEVERE]: Timed out receiving message from renderer: 0.100
[1586080750.677][SEVERE]: Timed out receiving message from renderer: 0.100
[1586080750.805][SEVERE]: Timed out receiving message from renderer: 0.100
[1586080750.921][SEVERE]: Timed out receiving message from renderer: 0.100
[1586080751.027][SEVERE]: Timed out receiving message from renderer: 0.100
[1586080751.134][SEVERE]: Timed out receiving message from renderer: 0.100
[1586080751.467][SEVERE]: Timed out receiving message from renderer: 0.100
[1586080751.621][SEVERE]: Timed out receiving message from renderer: 0.100
]]></system-err>
  </testcase>
</testsuite>